<?xml version="1.0" encoding="UTF-8"?>
<!-- Generated by org.testng.reporters.JUnitReportReporter -->
<testsuite hostname="ip-10-20-20-104.ap-south-1.compute.internal" failures="0" tests="1" name="enterpriseSaveinTest.Test_Merchant" time="30.804" errors="0" timestamp="2024-10-22T11:23:56 IST" skipped="0">
  <testcase classname="enterpriseSaveinTest.Test_Merchant" name="LoginTest" time="30.804"/>
  <system-out/>
</testsuite> <!-- enterpriseSaveinTest.Test_Merchant -->
