<?xml version="1.0" encoding="UTF-8"?>
<!-- Generated by org.testng.reporters.JUnitReportReporter -->
<testsuite hostname="ip-10-20-20-104.ap-south-1.compute.internal" failures="0" tests="1" name="enterpriseSaveinTest.CorporateTest_Merchant" time="8.675" errors="0" timestamp="2024-10-22T11:41:52 IST" skipped="0">
  <testcase classname="enterpriseSaveinTest.CorporateTest_Merchant" name="LoginTest" time="8.675"/>
  <system-out/>
</testsuite> <!-- enterpriseSaveinTest.CorporateTest_Merchant -->
